<?xml version="1.0" encoding="UTF-8"?>
<!-- Generated by org.testng.reporters.JUnitReportReporter -->
<testsuite skipped="0" hostname="DESKTOP-1169NAK" name="qaclickacademy.Appiumtest" tests="2" failures="0" timestamp="2020-02-28T05:59:38 GMT" time="0.020" errors="0">
  <testcase name="IOSApp" time="0.018" classname="qaclickacademy.Appiumtest"/>
  <testcase name="NativeAppAndroid" time="0.002" classname="qaclickacademy.Appiumtest"/>
</testsuite> <!-- qaclickacademy.Appiumtest -->
