<?xml version="1.0" encoding="UTF-8"?>
<!-- Generated by org.testng.reporters.JUnitReportReporter -->
<testsuite skipped="0" hostname="DESKTOP-1169NAK" name="qaclickacademy.AppiumTest" tests="2" failures="0" timestamp="2020-02-29T00:05:47 GMT" time="0.002" errors="0">
  <testcase name="NativeAppAndroid" time="0.002" classname="qaclickacademy.AppiumTest"/>
  <system-out/>
  <testcase name="IOSApp" time="0.000" classname="qaclickacademy.AppiumTest"/>
  <system-out/>
</testsuite> <!-- qaclickacademy.AppiumTest -->
